PS G:\Ynik\курс2\Технологие програмирования\lab9> pylint Zadanie.py
************* Module Zadanie
Zadanie.py:42:0: C0303: Trailing whitespace (trailing-whitespace)
Zadanie.py:48:0: C0303: Trailing whitespace (trailing-whitespace)
Zadanie.py:51:0: C0303: Trailing whitespace (trailing-whitespace)
Zadanie.py:57:0: C0303: Trailing whitespace (trailing-whitespace)
Zadanie.py:60:0: C0303: Trailing whitespace (trailing-whitespace)
Zadanie.py:65:0: C0301: Line too long (117/100) (line-too-long)
Zadanie.py:66:0: C0303: Trailing whitespace (trailing-whitespace)
Zadanie.py:69:0: C0303: Trailing whitespace (trailing-whitespace)
Zadanie.py:77:0: C0303: Trailing whitespace (trailing-whitespace)
Zadanie.py:82:0: C0301: Line too long (110/100) (line-too-long)
Zadanie.py:95:0: C0303: Trailing whitespace (trailing-whitespace)
Zadanie.py:144:0: C0301: Line too long (122/100) (line-too-long)
Zadanie.py:152:0: C0303: Trailing whitespace (trailing-whitespace)
Zadanie.py:157:0: C0303: Trailing whitespace (trailing-whitespace)
Zadanie.py:162:0: C0303: Trailing whitespace (trailing-whitespace)
Zadanie.py:167:0: C0303: Trailing whitespace (trailing-whitespace)
Zadanie.py:171:0: C0303: Trailing whitespace (trailing-whitespace)
Zadanie.py:181:9: C0303: Trailing whitespace (trailing-whitespace)
Zadanie.py:182:0: C0303: Trailing whitespace (trailing-whitespace)
Zadanie.py:187:0: C0303: Trailing whitespace (trailing-whitespace)
Zadanie.py:198:0: C0301: Line too long (118/100) (line-too-long)
Zadanie.py:209:0: C0301: Line too long (127/100) (line-too-long)
Zadanie.py:210:0: C0303: Trailing whitespace (trailing-whitespace)
Zadanie.py:215:0: C0303: Trailing whitespace (trailing-whitespace)
Zadanie.py:246:0: C0303: Trailing whitespace (trailing-whitespace)
Zadanie.py:254:0: C0303: Trailing whitespace (trailing-whitespace)
Zadanie.py:265:9: C0303: Trailing whitespace (trailing-whitespace)
Zadanie.py:266:0: C0303: Trailing whitespace (trailing-whitespace)
Zadanie.py:267:0: C0303: Trailing whitespace (trailing-whitespace)
Zadanie.py:269:0: C0301: Line too long (110/100) (line-too-long)
Zadanie.py:286:0: C0301: Line too long (154/100) (line-too-long)
Zadanie.py:287:0: C0303: Trailing whitespace (trailing-whitespace)
Zadanie.py:290:0: C0303: Trailing whitespace (trailing-whitespace)
Zadanie.py:299:0: C0303: Trailing whitespace (trailing-whitespace)
Zadanie.py:312:0: C0303: Trailing whitespace (trailing-whitespace)
Zadanie.py:315:0: C0301: Line too long (112/100) (line-too-long)
Zadanie.py:326:0: C0301: Line too long (162/100) (line-too-long)
Zadanie.py:327:0: C0303: Trailing whitespace (trailing-whitespace)
Zadanie.py:336:0: C0303: Trailing whitespace (trailing-whitespace)
Zadanie.py:349:0: C0303: Trailing whitespace (trailing-whitespace)
Zadanie.py:405:0: C0303: Trailing whitespace (trailing-whitespace)
Zadanie.py:413:0: C0303: Trailing whitespace (trailing-whitespace)
Zadanie.py:442:0: C0301: Line too long (101/100) (line-too-long)
Zadanie.py:459:0: C0303: Trailing whitespace (trailing-whitespace)
Zadanie.py:468:0: C0301: Line too long (108/100) (line-too-long)
Zadanie.py:470:0: C0303: Trailing whitespace (trailing-whitespace)
Zadanie.py:476:0: C0303: Trailing whitespace (trailing-whitespace)
Zadanie.py:478:13: C0303: Trailing whitespace (trailing-whitespace)
Zadanie.py:481:0: C0303: Trailing whitespace (trailing-whitespace)
Zadanie.py:483:0: C0303: Trailing whitespace (trailing-whitespace)
Zadanie.py:490:0: C0303: Trailing whitespace (trailing-whitespace)
Zadanie.py:496:0: C0303: Trailing whitespace (trailing-whitespace)
Zadanie.py:498:0: C0303: Trailing whitespace (trailing-whitespace)
Zadanie.py:504:0: C0303: Trailing whitespace (trailing-whitespace)
Zadanie.py:508:0: C0303: Trailing whitespace (trailing-whitespace)
Zadanie.py:513:0: C0303: Trailing whitespace (trailing-whitespace)
Zadanie.py:516:0: C0303: Trailing whitespace (trailing-whitespace)
Zadanie.py:519:0: C0303: Trailing whitespace (trailing-whitespace)
Zadanie.py:524:0: C0303: Trailing whitespace (trailing-whitespace)
Zadanie.py:528:0: C0303: Trailing whitespace (trailing-whitespace)
Zadanie.py:531:0: C0303: Trailing whitespace (trailing-whitespace)
Zadanie.py:538:0: C0303: Trailing whitespace (trailing-whitespace)
Zadanie.py:542:0: C0303: Trailing whitespace (trailing-whitespace)
Zadanie.py:544:0: C0303: Trailing whitespace (trailing-whitespace)
Zadanie.py:574:0: C0303: Trailing whitespace (trailing-whitespace)
Zadanie.py:636:0: C0301: Line too long (109/100) (line-too-long)
Zadanie.py:642:0: C0301: Line too long (109/100) (line-too-long)
Zadanie.py:648:0: C0301: Line too long (109/100) (line-too-long)
Zadanie.py:649:0: C0303: Trailing whitespace (trailing-whitespace)
Zadanie.py:653:0: C0301: Line too long (109/100) (line-too-long)
Zadanie.py:658:0: C0301: Line too long (109/100) (line-too-long)
Zadanie.py:664:0: C0301: Line too long (109/100) (line-too-long)
Zadanie.py:671:0: C0303: Trailing whitespace (trailing-whitespace)
Zadanie.py:678:0: C0303: Trailing whitespace (trailing-whitespace)
Zadanie.py:680:0: C0303: Trailing whitespace (trailing-whitespace)
Zadanie.py:688:0: C0303: Trailing whitespace (trailing-whitespace)
Zadanie.py:694:0: C0303: Trailing whitespace (trailing-whitespace)
Zadanie.py:695:0: C0303: Trailing whitespace (trailing-whitespace)
Zadanie.py:701:0: C0301: Line too long (109/100) (line-too-long)
Zadanie.py:703:0: C0303: Trailing whitespace (trailing-whitespace)
Zadanie.py:717:13: C0303: Trailing whitespace (trailing-whitespace)
Zadanie.py:720:0: C0303: Trailing whitespace (trailing-whitespace)
Zadanie.py:723:0: C0301: Line too long (175/100) (line-too-long)
Zadanie.py:725:0: C0303: Trailing whitespace (trailing-whitespace)
Zadanie.py:726:0: C0303: Trailing whitespace (trailing-whitespace)
Zadanie.py:731:0: C0301: Line too long (113/100) (line-too-long)
Zadanie.py:732:0: C0303: Trailing whitespace (trailing-whitespace)
Zadanie.py:735:0: C0303: Trailing whitespace (trailing-whitespace)
Zadanie.py:761:34: C0303: Trailing whitespace (trailing-whitespace)
Zadanie.py:762:32: C0303: Trailing whitespace (trailing-whitespace)
Zadanie.py:770:0: C0303: Trailing whitespace (trailing-whitespace)
Zadanie.py:783:0: C0303: Trailing whitespace (trailing-whitespace)
Zadanie.py:786:0: C0303: Trailing whitespace (trailing-whitespace)
Zadanie.py:790:0: C0303: Trailing whitespace (trailing-whitespace)
Zadanie.py:791:0: C0303: Trailing whitespace (trailing-whitespace)
Zadanie.py:797:0: C0301: Line too long (115/100) (line-too-long)
Zadanie.py:798:0: C0301: Line too long (102/100) (line-too-long)
Zadanie.py:805:0: C0301: Line too long (104/100) (line-too-long)
Zadanie.py:807:0: C0303: Trailing whitespace (trailing-whitespace)
Zadanie.py:810:0: C0303: Trailing whitespace (trailing-whitespace)
Zadanie.py:820:0: C0301: Line too long (109/100) (line-too-long)
Zadanie.py:821:0: C0303: Trailing whitespace (trailing-whitespace)
Zadanie.py:823:0: C0301: Line too long (109/100) (line-too-long)
Zadanie.py:825:0: C0303: Trailing whitespace (trailing-whitespace)
Zadanie.py:851:0: C0303: Trailing whitespace (trailing-whitespace)
Zadanie.py:866:0: C0303: Trailing whitespace (trailing-whitespace)
Zadanie.py:882:0: C0303: Trailing whitespace (trailing-whitespace)
Zadanie.py:886:0: C0301: Line too long (103/100) (line-too-long)
Zadanie.py:892:0: C0303: Trailing whitespace (trailing-whitespace)
Zadanie.py:900:0: C0303: Trailing whitespace (trailing-whitespace)
Zadanie.py:910:0: C0303: Trailing whitespace (trailing-whitespace)
Zadanie.py:921:0: C0303: Trailing whitespace (trailing-whitespace)
Zadanie.py:924:0: C0301: Line too long (105/100) (line-too-long)
Zadanie.py:925:0: C0303: Trailing whitespace (trailing-whitespace)
Zadanie.py:934:0: C0303: Trailing whitespace (trailing-whitespace)
Zadanie.py:938:48: C0303: Trailing whitespace (trailing-whitespace)
Zadanie.py:941:0: C0303: Trailing whitespace (trailing-whitespace)
Zadanie.py:943:0: C0303: Trailing whitespace (trailing-whitespace)
Zadanie.py:947:0: C0301: Line too long (113/100) (line-too-long)
Zadanie.py:950:69: C0303: Trailing whitespace (trailing-whitespace)
Zadanie.py:954:0: C0303: Trailing whitespace (trailing-whitespace)
Zadanie.py:956:0: C0303: Trailing whitespace (trailing-whitespace)
Zadanie.py:960:0: C0303: Trailing whitespace (trailing-whitespace)
Zadanie.py:973:0: C0303: Trailing whitespace (trailing-whitespace)
Zadanie.py:980:0: C0303: Trailing whitespace (trailing-whitespace)
Zadanie.py:986:0: C0303: Trailing whitespace (trailing-whitespace)
Zadanie.py:996:0: C0303: Trailing whitespace (trailing-whitespace)
Zadanie.py:1000:0: C0303: Trailing whitespace (trailing-whitespace)
Zadanie.py:1002:0: C0303: Trailing whitespace (trailing-whitespace)
Zadanie.py:1008:0: C0301: Line too long (112/100) (line-too-long)
Zadanie.py:1009:0: C0301: Line too long (115/100) (line-too-long)
Zadanie.py:1010:0: C0301: Line too long (111/100) (line-too-long)
Zadanie.py:1011:0: C0301: Line too long (111/100) (line-too-long)
Zadanie.py:1013:0: C0303: Trailing whitespace (trailing-whitespace)
Zadanie.py:1015:0: C0303: Trailing whitespace (trailing-whitespace)
Zadanie.py:1024:0: C0303: Trailing whitespace (trailing-whitespace)
Zadanie.py:1028:0: C0303: Trailing whitespace (trailing-whitespace)
Zadanie.py:1033:0: C0303: Trailing whitespace (trailing-whitespace)
Zadanie.py:1046:0: C0303: Trailing whitespace (trailing-whitespace)
Zadanie.py:1051:0: C0303: Trailing whitespace (trailing-whitespace)
Zadanie.py:1053:0: C0303: Trailing whitespace (trailing-whitespace)
Zadanie.py:1057:0: C0303: Trailing whitespace (trailing-whitespace)
Zadanie.py:1065:0: C0303: Trailing whitespace (trailing-whitespace)
Zadanie.py:1071:52: C0303: Trailing whitespace (trailing-whitespace)
Zadanie.py:1074:0: C0301: Line too long (112/100) (line-too-long)
Zadanie.py:1075:0: C0303: Trailing whitespace (trailing-whitespace)
Zadanie.py:1077:0: C0303: Trailing whitespace (trailing-whitespace)
Zadanie.py:1086:0: C0303: Trailing whitespace (trailing-whitespace)
Zadanie.py:1090:52: C0303: Trailing whitespace (trailing-whitespace)
Zadanie.py:1098:0: C0303: Trailing whitespace (trailing-whitespace)
Zadanie.py:1103:0: C0303: Trailing whitespace (trailing-whitespace)
Zadanie.py:1105:0: C0303: Trailing whitespace (trailing-whitespace)
Zadanie.py:1115:0: C0303: Trailing whitespace (trailing-whitespace)
Zadanie.py:1122:0: C0303: Trailing whitespace (trailing-whitespace)
Zadanie.py:1125:0: C0303: Trailing whitespace (trailing-whitespace)
Zadanie.py:1133:0: C0303: Trailing whitespace (trailing-whitespace)
Zadanie.py:1137:0: C0303: Trailing whitespace (trailing-whitespace)
Zadanie.py:1142:0: C0303: Trailing whitespace (trailing-whitespace)
Zadanie.py:1146:44: C0303: Trailing whitespace (trailing-whitespace)
Zadanie.py:1150:0: C0303: Trailing whitespace (trailing-whitespace)
Zadanie.py:1158:0: C0303: Trailing whitespace (trailing-whitespace)
Zadanie.py:1166:0: C0303: Trailing whitespace (trailing-whitespace)
Zadanie.py:1178:0: C0303: Trailing whitespace (trailing-whitespace)
Zadanie.py:1180:0: C0303: Trailing whitespace (trailing-whitespace)
Zadanie.py:1188:0: C0303: Trailing whitespace (trailing-whitespace)
Zadanie.py:1192:0: C0303: Trailing whitespace (trailing-whitespace)
Zadanie.py:1197:0: C0303: Trailing whitespace (trailing-whitespace)
Zadanie.py:1208:0: C0303: Trailing whitespace (trailing-whitespace)
Zadanie.py:1216:0: C0301: Line too long (107/100) (line-too-long)
Zadanie.py:1218:0: C0303: Trailing whitespace (trailing-whitespace)
Zadanie.py:1226:0: C0303: Trailing whitespace (trailing-whitespace)
Zadanie.py:1228:0: C0303: Trailing whitespace (trailing-whitespace)
Zadanie.py:1233:0: C0303: Trailing whitespace (trailing-whitespace)
Zadanie.py:1237:0: C0303: Trailing whitespace (trailing-whitespace)
Zadanie.py:1241:75: C0303: Trailing whitespace (trailing-whitespace)
Zadanie.py:1245:81: C0303: Trailing whitespace (trailing-whitespace)
Zadanie.py:1248:0: C0303: Trailing whitespace (trailing-whitespace)
Zadanie.py:1250:0: C0301: Line too long (125/100) (line-too-long)
Zadanie.py:1252:0: C0303: Trailing whitespace (trailing-whitespace)
Zadanie.py:1255:0: C0301: Line too long (102/100) (line-too-long)
Zadanie.py:1257:0: C0303: Trailing whitespace (trailing-whitespace)
Zadanie.py:1265:0: C0303: Trailing whitespace (trailing-whitespace)
Zadanie.py:1268:0: C0303: Trailing whitespace (trailing-whitespace)
Zadanie.py:1285:0: C0303: Trailing whitespace (trailing-whitespace)
Zadanie.py:1295:0: C0301: Line too long (130/100) (line-too-long)
Zadanie.py:1298:0: C0303: Trailing whitespace (trailing-whitespace)
Zadanie.py:1303:0: C0303: Trailing whitespace (trailing-whitespace)
Zadanie.py:1306:0: C0303: Trailing whitespace (trailing-whitespace)
Zadanie.py:1311:0: C0303: Trailing whitespace (trailing-whitespace)
Zadanie.py:1314:0: C0303: Trailing whitespace (trailing-whitespace)
Zadanie.py:1321:0: C0303: Trailing whitespace (trailing-whitespace)
Zadanie.py:1325:0: C0303: Trailing whitespace (trailing-whitespace)
Zadanie.py:1328:0: C0303: Trailing whitespace (trailing-whitespace)
Zadanie.py:1331:0: C0303: Trailing whitespace (trailing-whitespace)
Zadanie.py:1336:0: C0303: Trailing whitespace (trailing-whitespace)
Zadanie.py:1339:0: C0301: Line too long (111/100) (line-too-long)
Zadanie.py:1342:0: C0303: Trailing whitespace (trailing-whitespace)
Zadanie.py:1348:0: C0301: Line too long (118/100) (line-too-long)
Zadanie.py:1349:0: C0303: Trailing whitespace (trailing-whitespace)
Zadanie.py:1353:0: C0301: Line too long (116/100) (line-too-long)
Zadanie.py:1356:0: C0303: Trailing whitespace (trailing-whitespace)
Zadanie.py:1367:0: C0303: Trailing whitespace (trailing-whitespace)
Zadanie.py:1374:0: C0301: Line too long (124/100) (line-too-long)
Zadanie.py:1375:0: C0303: Trailing whitespace (trailing-whitespace)
Zadanie.py:1378:0: C0301: Line too long (113/100) (line-too-long)
Zadanie.py:1379:0: C0303: Trailing whitespace (trailing-whitespace)
Zadanie.py:1384:0: C0303: Trailing whitespace (trailing-whitespace)
Zadanie.py:1386:0: C0303: Trailing whitespace (trailing-whitespace)
Zadanie.py:1396:0: C0303: Trailing whitespace (trailing-whitespace)
Zadanie.py:1402:0: C0303: Trailing whitespace (trailing-whitespace)
Zadanie.py:1408:0: C0303: Trailing whitespace (trailing-whitespace)
Zadanie.py:1418:0: C0301: Line too long (122/100) (line-too-long)
Zadanie.py:1420:0: C0301: Line too long (145/100) (line-too-long)
Zadanie.py:1421:0: C0303: Trailing whitespace (trailing-whitespace)
Zadanie.py:1425:0: C0303: Trailing whitespace (trailing-whitespace)
Zadanie.py:1436:0: C0303: Trailing whitespace (trailing-whitespace)
Zadanie.py:1439:0: C0303: Trailing whitespace (trailing-whitespace)
Zadanie.py:1442:0: C0303: Trailing whitespace (trailing-whitespace)
Zadanie.py:1448:0: C0303: Trailing whitespace (trailing-whitespace)
Zadanie.py:1454:0: C0303: Trailing whitespace (trailing-whitespace)
Zadanie.py:1459:0: C0303: Trailing whitespace (trailing-whitespace)
Zadanie.py:1471:0: C0303: Trailing whitespace (trailing-whitespace)
Zadanie.py:1474:0: C0303: Trailing whitespace (trailing-whitespace)
Zadanie.py:1477:0: C0303: Trailing whitespace (trailing-whitespace)
Zadanie.py:1484:0: C0303: Trailing whitespace (trailing-whitespace)
Zadanie.py:1486:0: C0303: Trailing whitespace (trailing-whitespace)
Zadanie.py:1491:0: C0303: Trailing whitespace (trailing-whitespace)
Zadanie.py:1499:0: C0303: Trailing whitespace (trailing-whitespace)
Zadanie.py:1503:0: C0303: Trailing whitespace (trailing-whitespace)
Zadanie.py:1512:0: C0303: Trailing whitespace (trailing-whitespace)
Zadanie.py:1516:0: C0301: Line too long (105/100) (line-too-long)
Zadanie.py:1517:0: C0303: Trailing whitespace (trailing-whitespace)
Zadanie.py:1521:0: C0303: Trailing whitespace (trailing-whitespace)
Zadanie.py:1523:91: C0303: Trailing whitespace (trailing-whitespace)
Zadanie.py:1524:0: C0301: Line too long (107/100) (line-too-long)
Zadanie.py:1525:93: C0303: Trailing whitespace (trailing-whitespace)
Zadanie.py:1526:0: C0301: Line too long (111/100) (line-too-long)
Zadanie.py:1527:0: C0303: Trailing whitespace (trailing-whitespace)
Zadanie.py:1528:0: C0301: Line too long (112/100) (line-too-long)
Zadanie.py:1529:0: C0301: Line too long (118/100) (line-too-long)
Zadanie.py:1530:0: C0301: Line too long (116/100) (line-too-long)
Zadanie.py:1533:0: C0303: Trailing whitespace (trailing-whitespace)
Zadanie.py:1537:0: C0303: Trailing whitespace (trailing-whitespace)
Zadanie.py:1542:0: C0303: Trailing whitespace (trailing-whitespace)
Zadanie.py:1546:0: C0303: Trailing whitespace (trailing-whitespace)
Zadanie.py:1550:0: C0303: Trailing whitespace (trailing-whitespace)
Zadanie.py:1554:0: C0301: Line too long (103/100) (line-too-long)
Zadanie.py:1555:0: C0301: Line too long (114/100) (line-too-long)
Zadanie.py:1559:0: C0303: Trailing whitespace (trailing-whitespace)
Zadanie.py:1561:0: C0301: Line too long (104/100) (line-too-long)
Zadanie.py:1565:0: C0303: Trailing whitespace (trailing-whitespace)
Zadanie.py:1567:0: C0303: Trailing whitespace (trailing-whitespace)
Zadanie.py:1570:0: C0303: Trailing whitespace (trailing-whitespace)
Zadanie.py:1575:0: C0303: Trailing whitespace (trailing-whitespace)
Zadanie.py:1579:0: C0303: Trailing whitespace (trailing-whitespace)
Zadanie.py:1585:0: C0303: Trailing whitespace (trailing-whitespace)
Zadanie.py:1589:0: C0303: Trailing whitespace (trailing-whitespace)
Zadanie.py:1595:0: C0303: Trailing whitespace (trailing-whitespace)
Zadanie.py:1602:0: C0303: Trailing whitespace (trailing-whitespace)
Zadanie.py:1614:0: C0303: Trailing whitespace (trailing-whitespace)
Zadanie.py:1685:0: C0301: Line too long (118/100) (line-too-long)
Zadanie.py:1696:0: C0303: Trailing whitespace (trailing-whitespace)
Zadanie.py:1701:0: C0303: Trailing whitespace (trailing-whitespace)
Zadanie.py:1710:0: C0303: Trailing whitespace (trailing-whitespace)
Zadanie.py:1713:0: C0303: Trailing whitespace (trailing-whitespace)
Zadanie.py:1724:0: C0303: Trailing whitespace (trailing-whitespace)
Zadanie.py:1734:0: C0303: Trailing whitespace (trailing-whitespace)
Zadanie.py:1739:0: C0303: Trailing whitespace (trailing-whitespace)
Zadanie.py:1745:0: C0303: Trailing whitespace (trailing-whitespace)
Zadanie.py:1749:0: C0303: Trailing whitespace (trailing-whitespace)
Zadanie.py:1754:0: C0303: Trailing whitespace (trailing-whitespace)
Zadanie.py:1760:0: C0301: Line too long (126/100) (line-too-long)
Zadanie.py:1762:0: C0303: Trailing whitespace (trailing-whitespace)
Zadanie.py:1764:0: C0303: Trailing whitespace (trailing-whitespace)
Zadanie.py:1768:0: C0303: Trailing whitespace (trailing-whitespace)
Zadanie.py:1773:0: C0303: Trailing whitespace (trailing-whitespace)
Zadanie.py:1776:0: C0303: Trailing whitespace (trailing-whitespace)
Zadanie.py:1782:0: C0303: Trailing whitespace (trailing-whitespace)
Zadanie.py:1787:0: C0303: Trailing whitespace (trailing-whitespace)
Zadanie.py:1796:0: C0303: Trailing whitespace (trailing-whitespace)
Zadanie.py:1803:0: C0303: Trailing whitespace (trailing-whitespace)
Zadanie.py:1818:0: C0303: Trailing whitespace (trailing-whitespace)
Zadanie.py:1822:0: C0303: Trailing whitespace (trailing-whitespace)
Zadanie.py:1828:0: C0303: Trailing whitespace (trailing-whitespace)
Zadanie.py:1835:0: C0303: Trailing whitespace (trailing-whitespace)
Zadanie.py:1839:0: C0303: Trailing whitespace (trailing-whitespace)
Zadanie.py:1850:0: C0303: Trailing whitespace (trailing-whitespace)
Zadanie.py:1853:0: C0303: Trailing whitespace (trailing-whitespace)
Zadanie.py:1859:0: C0303: Trailing whitespace (trailing-whitespace)
Zadanie.py:1865:0: C0303: Trailing whitespace (trailing-whitespace)
Zadanie.py:1869:0: C0303: Trailing whitespace (trailing-whitespace)
Zadanie.py:1874:0: C0303: Trailing whitespace (trailing-whitespace)
Zadanie.py:1878:0: C0303: Trailing whitespace (trailing-whitespace)
Zadanie.py:1882:0: C0303: Trailing whitespace (trailing-whitespace)
Zadanie.py:1886:0: C0303: Trailing whitespace (trailing-whitespace)
Zadanie.py:1896:0: C0303: Trailing whitespace (trailing-whitespace)
Zadanie.py:1900:0: C0303: Trailing whitespace (trailing-whitespace)
Zadanie.py:1903:0: C0303: Trailing whitespace (trailing-whitespace)
Zadanie.py:1906:0: C0303: Trailing whitespace (trailing-whitespace)
Zadanie.py:1908:78: C0303: Trailing whitespace (trailing-whitespace)
Zadanie.py:1912:0: C0303: Trailing whitespace (trailing-whitespace)
Zadanie.py:1915:0: C0303: Trailing whitespace (trailing-whitespace)
Zadanie.py:1917:0: C0303: Trailing whitespace (trailing-whitespace)
Zadanie.py:1920:0: C0303: Trailing whitespace (trailing-whitespace)
Zadanie.py:1921:0: C0304: Final newline missing (missing-final-newline)
Zadanie.py:1:0: C0302: Too many lines in module (1921/1000) (too-many-lines)
Zadanie.py:1:0: C0114: Missing module docstring (missing-module-docstring)
Zadanie.py:1:0: C0103: Module name "Zadanie" doesn't conform to snake_case naming style (invalid-name)
Zadanie.py:9:0: W0404: Reimport 'List' (imported line 6) (reimported)
Zadanie.py:9:0: W0404: Reimport 'Optional' (imported line 6) (reimported)
Zadanie.py:9:0: W0404: Reimport 'Dict' (imported line 6) (reimported)
Zadanie.py:14:4: W0107: Unnecessary pass statement (unnecessary-pass)
Zadanie.py:18:4: W0107: Unnecessary pass statement (unnecessary-pass)
Zadanie.py:22:4: W0107: Unnecessary pass statement (unnecessary-pass)
Zadanie.py:26:4: W0107: Unnecessary pass statement (unnecessary-pass)
Zadanie.py:30:4: W0107: Unnecessary pass statement (unnecessary-pass)
Zadanie.py:34:4: W0107: Unnecessary pass statement (unnecessary-pass)
Zadanie.py:38:4: W0107: Unnecessary pass statement (unnecessary-pass)
Zadanie.py:76:12: W0707: Consider explicitly re-raising using 'except ValueError as exc' and 'raise InvalidDateError(f'Некорректный формат даты: {date_str}. Ожидается YYYY-MM-DD') from exc' (raise-missing-from)
Zadanie.py:85:0: C0115: Missing class docstring (missing-class-docstring)
Zadanie.py:89:4: R0913: Too many arguments (6/5) (too-many-arguments)
Zadanie.py:89:23: W0622: Redefining built-in 'id' (redefined-builtin)
Zadanie.py:105:4: C0116: Missing function or method docstring (missing-function-docstring)
Zadanie.py:109:17: W0622: Redefining built-in 'id' (redefined-builtin)
Zadanie.py:116:4: C0116: Missing function or method docstring (missing-function-docstring)
Zadanie.py:127:4: C0116: Missing function or method docstring (missing-function-docstring)
Zadanie.py:135:4: C0116: Missing function or method docstring (missing-function-docstring)
Zadanie.py:147:4: C0116: Missing function or method docstring (missing-function-docstring)
Zadanie.py:150:4: C0116: Missing function or method docstring (missing-function-docstring)
Zadanie.py:188:8: R1705: Unnecessary "elif" after "return", remove the leading "el" from "elif" (no-else-return)
Zadanie.py:200:0: C0115: Missing class docstring (missing-class-docstring)
Zadanie.py:201:4: W0246: Useless parent or super() delegation in method '__init__' (useless-parent-delegation)
Zadanie.py:201:4: R0913: Too many arguments (6/5) (too-many-arguments)
Zadanie.py:201:23: W0622: Redefining built-in 'id' (redefined-builtin)
Zadanie.py:228:0: C0115: Missing class docstring (missing-class-docstring)
Zadanie.py:229:4: R0913: Too many arguments (7/5) (too-many-arguments)
Zadanie.py:229:23: W0622: Redefining built-in 'id' (redefined-builtin)
Zadanie.py:234:4: C0116: Missing function or method docstring (missing-function-docstring)
Zadanie.py:245:17: C2801: Unnecessarily calls dunder method __str__. Use str built-in function. (unnecessary-dunder-call)
Zadanie.py:268:0: C0115: Missing class docstring (missing-class-docstring)
Zadanie.py:269:4: R0913: Too many arguments (8/5) (too-many-arguments)
Zadanie.py:269:23: W0622: Redefining built-in 'id' (redefined-builtin)
Zadanie.py:274:4: R1710: Either all return statements in a function should return an expression, or none of them should. (inconsistent-return-statements)
Zadanie.py:282:4: C0116: Missing function or method docstring (missing-function-docstring)
Zadanie.py:286:17: C2801: Unnecessarily calls dunder method __str__. Use str built-in function. (unnecessary-dunder-call)
Zadanie.py:314:0: C0115: Missing class docstring (missing-class-docstring)
Zadanie.py:315:4: R0913: Too many arguments (8/5) (too-many-arguments)
Zadanie.py:315:23: W0622: Redefining built-in 'id' (redefined-builtin)
Zadanie.py:322:4: C0116: Missing function or method docstring (missing-function-docstring)
Zadanie.py:326:17: C2801: Unnecessarily calls dunder method __str__. Use str built-in function. (unnecessary-dunder-call)
Zadanie.py:350:0: C0115: Missing class docstring (missing-class-docstring)
Zadanie.py:351:4: C0116: Missing function or method docstring (missing-function-docstring)
Zadanie.py:351:4: E0213: Method 'create_employee' should have "self" as first argument (no-self-argument)
Zadanie.py:354:12: W0621: Redefining name 'manager' from outer scope (line 1646) (redefined-outer-name)
Zadanie.py:358:12: W0621: Redefining name 'developer' from outer scope (line 1647) (redefined-outer-name)
Zadanie.py:362:12: W0621: Redefining name 'salesperson' from outer scope (line 1649) (redefined-outer-name)
Zadanie.py:366:12: W0621: Redefining name 'employee' from outer scope (line 1628) (redefined-outer-name)
Zadanie.py:351:4: R1710: Either all return statements in a function should return an expression, or none of them should. (inconsistent-return-statements)
Zadanie.py:350:0: R0903: Too few public methods (1/2) (too-few-public-methods)
Zadanie.py:372:4: R1705: Unnecessary "elif" after "return", remove the leading "el" from "elif" (no-else-return)
Zadanie.py:383:4: R1705: Unnecessary "elif" after "return", remove the leading "el" from "elif" (no-else-return)
Zadanie.py:393:4: R1705: Unnecessary "elif" after "return", remove the leading "el" from "elif" (no-else-return)
Zadanie.py:406:4: R1705: Unnecessary "elif" after "return", remove the leading "el" from "elif" (no-else-return)
Zadanie.py:416:17: W0621: Redefining name 'employee' from outer scope (line 1628) (redefined-outer-name)
Zadanie.py:420:19: W0621: Redefining name 'employee' from outer scope (line 1628) (redefined-outer-name)
Zadanie.py:424:28: W0621: Redefining name 'employee' from outer scope (line 1628) (redefined-outer-name)
Zadanie.py:428:24: W0621: Redefining name 'employee' from outer scope (line 1628) (redefined-outer-name)
Zadanie.py:447:0: C0115: Missing class docstring (missing-class-docstring)
Zadanie.py:454:27: W0621: Redefining name 'employee' from outer scope (line 1628) (redefined-outer-name)
Zadanie.py:465:15: W0621: Redefining name 'employee' from outer scope (line 1628) (redefined-outer-name)
Zadanie.py:477:4: C0116: Missing function or method docstring (missing-function-docstring)
Zadanie.py:484:4: C0116: Missing function or method docstring (missing-function-docstring)
Zadanie.py:494:20: C0201: Consider iterating the dictionary directly instead of calling .keys() (consider-iterating-dictionary)
Zadanie.py:499:4: C0116: Missing function or method docstring (missing-function-docstring)
Zadanie.py:503:64: E0602: Undefined variable 'employee_id' (undefined-variable)
Zadanie.py:509:4: R1710: Either all return statements in a function should return an expression, or none of them should. (inconsistent-return-statements)
Zadanie.py:514:27: W0621: Redefining name 'employee' from outer scope (line 1628) (redefined-outer-name)
Zadanie.py:520:4: C0116: Missing function or method docstring (missing-function-docstring)
Zadanie.py:529:15: W0718: Catching too general exception Exception (broad-exception-caught)
Zadanie.py:548:15: W0718: Catching too general exception Exception (broad-exception-caught)
Zadanie.py:566:12: W0621: Redefining name 'employee' from outer scope (line 1628) (redefined-outer-name)
Zadanie.py:485:8: W0201: Attribute 'slovar_otdel' defined outside __init__ (attribute-defined-outside-init)
Zadanie.py:668:0: C0115: Missing class docstring (missing-class-docstring)
Zadanie.py:672:4: W0102: Dangerous default value [] as argument (dangerous-default-value)
Zadanie.py:672:4: R0913: Too many arguments (7/5) (too-many-arguments)
Zadanie.py:689:4: C0116: Missing function or method docstring (missing-function-docstring)
Zadanie.py:689:30: W0621: Redefining name 'employee' from outer scope (line 1628) (redefined-outer-name)
Zadanie.py:697:4: C0116: Missing function or method docstring (missing-function-docstring)
Zadanie.py:698:15: W0621: Redefining name 'employee' from outer scope (line 1628) (redefined-outer-name)
Zadanie.py:707:4: C0116: Missing function or method docstring (missing-function-docstring)
Zadanie.py:710:30: C2801: Unnecessarily calls dunder method __str__. Use str built-in function. (unnecessary-dunder-call)
Zadanie.py:713:4: C0116: Missing function or method docstring (missing-function-docstring)
Zadanie.py:716:4: C0116: Missing function or method docstring (missing-function-docstring)
Zadanie.py:722:4: C0116: Missing function or method docstring (missing-function-docstring)
Zadanie.py:766:0: C0115: Missing class docstring (missing-class-docstring)
Zadanie.py:767:4: W0102: Dangerous default value [] as argument (dangerous-default-value)
Zadanie.py:767:4: W0102: Dangerous default value [] as argument (dangerous-default-value)
Zadanie.py:792:4: C0116: Missing function or method docstring (missing-function-docstring)
Zadanie.py:797:4: R0913: Too many arguments (6/5) (too-many-arguments)
Zadanie.py:828:4: C0116: Missing function or method docstring (missing-function-docstring)
Zadanie.py:846:16: W0621: Redefining name 'employee' from outer scope (line 1628) (redefined-outer-name)
Zadanie.py:856:8: W0621: Redefining name 'total_cost' from outer scope (line 1634) (redefined-outer-name)
Zadanie.py:883:16: W0612: Unused variable 'removed_department' (unused-variable)
Zadanie.py:901:8: R1705: Unnecessary "else" after "return", remove the "else" and de-indent the code inside it (no-else-return)
Zadanie.py:939:62: W0212: Access to a protected member _Project__team of a client class (protected-access)
Zadanie.py:947:0: C0206: Consider iterating with .items() (consider-using-dict-items)
Zadanie.py:976:16: W0621: Redefining name 'employee' from outer scope (line 1628) (redefined-outer-name)
Zadanie.py:976:28: W0212: Access to a protected member _Project__team of a client class (protected-access)
Zadanie.py:1031:16: W0621: Redefining name 'employee' from outer scope (line 1628) (redefined-outer-name)
Zadanie.py:1031:28: W0212: Access to a protected member _Project__team of a client class (protected-access)
Zadanie.py:1049:64: W0212: Access to a protected member _Project__team of a client class (protected-access)
Zadanie.py:1069:16: W0621: Redefining name 'employee' from outer scope (line 1628) (redefined-outer-name)
Zadanie.py:1072:60: W0212: Access to a protected member _Project__team of a client class (protected-access)
Zadanie.py:1091:60: W0212: Access to a protected member _Project__team of a client class (protected-access)
Zadanie.py:1112:8: W0621: Redefining name 'employee' from outer scope (line 1628) (redefined-outer-name)
Zadanie.py:1200:12: W0621: Redefining name 'employee' from outer scope (line 1628) (redefined-outer-name)
Zadanie.py:1295:50: W0212: Access to a protected member _Project__team of a client class (protected-access)
Zadanie.py:1312:15: W0718: Catching too general exception Exception (broad-exception-caught)
Zadanie.py:1327:12: W0621: Redefining name 'company' from outer scope (line 1607) (redefined-outer-name)
Zadanie.py:1344:24: W0621: Redefining name 'employee' from outer scope (line 1628) (redefined-outer-name)
Zadanie.py:1393:15: W0718: Catching too general exception Exception (broad-exception-caught)
Zadanie.py:1340:30: W1309: Using an f-string that does not have any interpolated variables (f-string-without-interpolation)
Zadanie.py:1354:26: W1309: Using an f-string that does not have any interpolated variables (f-string-without-interpolation)
Zadanie.py:1316:4: R0912: Too many branches (14/12) (too-many-branches)
Zadanie.py:1411:24: W0621: Redefining name 'employee' from outer scope (line 1628) (redefined-outer-name)
Zadanie.py:1440:15: W0718: Catching too general exception Exception (broad-exception-caught)
Zadanie.py:1417:51: W0212: Access to a protected member _Developer__tech_stack of a client class (protected-access)
Zadanie.py:1418:65: W0212: Access to a protected member _Developer__seniority_level of a client class (protected-access)
Zadanie.py:1420:67: W0212: Access to a protected member _Saleperson__commission_rate of a client class (protected-access)
Zadanie.py:1420:124: W0212: Access to a protected member _Saleperson__sales_volume of a client class (protected-access)
Zadanie.py:1475:15: W0718: Catching too general exception Exception (broad-exception-caught)
Zadanie.py:1457:66: W0212: Access to a protected member _Project__team of a client class (protected-access)
Zadanie.py:1478:4: R0914: Too many local variables (22/15) (too-many-locals)
Zadanie.py:1489:16: W0621: Redefining name 'total_cost' from outer scope (line 1634) (redefined-outer-name)
Zadanie.py:1568:15: W0718: Catching too general exception Exception (broad-exception-caught)
Zadanie.py:1478:4: R0915: Too many statements (61/50) (too-many-statements)
Zadanie.py:1603:15: W0718: Catching too general exception Exception (broad-exception-caught)
Zadanie.py:766:0: R0904: Too many public methods (29/20) (too-many-public-methods)
Zadanie.py:1677:0: C0413: Import "import sys" should be placed at the top of the module (wrong-import-position)
Zadanie.py:1678:0: C0413: Import "import os" should be placed at the top of the module (wrong-import-position)
Zadanie.py:1702:41: W0621: Redefining name 'employee' from outer scope (line 1628) (redefined-outer-name)
Zadanie.py:1727:12: W0621: Redefining name 'employee' from outer scope (line 1628) (redefined-outer-name)
Zadanie.py:1740:4: W0102: Dangerous default value [] as argument (dangerous-default-value)
Zadanie.py:1740:4: W0102: Dangerous default value [] as argument (dangerous-default-value)
Zadanie.py:1751:12: W0621: Redefining name 'employee' from outer scope (line 1628) (redefined-outer-name)
Zadanie.py:1770:12: W0621: Redefining name 'employee' from outer scope (line 1628) (redefined-outer-name)
Zadanie.py:1784:14: W1309: Using an f-string that does not have any interpolated variables (f-string-without-interpolation)
Zadanie.py:1789:14: W1309: Using an f-string that does not have any interpolated variables (f-string-without-interpolation)
Zadanie.py:1798:14: W1309: Using an f-string that does not have any interpolated variables (f-string-without-interpolation)
Zadanie.py:1800:53: E1101: Instance of 'EnhancedCompany' has no '_Company__departments' member (no-member)
Zadanie.py:1805:14: W1309: Using an f-string that does not have any interpolated variables (f-string-without-interpolation)
Zadanie.py:1806:26: E1101: Instance of 'EnhancedCompany' has no '_Company__departments' member (no-member)
Zadanie.py:1791:12: W0612: Unused variable 'emp_id' (unused-variable)
Zadanie.py:1816:0: R0914: Too many local variables (18/15) (too-many-locals)
Zadanie.py:1824:4: W0621: Redefining name 'tom2' from outer scope (line 436) (redefined-outer-name)
Zadanie.py:1825:4: W0621: Redefining name 'Bread' from outer scope (line 435) (redefined-outer-name)
Zadanie.py:1826:4: W0621: Redefining name 'Stiles' from outer scope (line 434) (redefined-outer-name)
Zadanie.py:1827:4: W0621: Redefining name 'Brenda' from outer scope (line 433) (redefined-outer-name)
Zadanie.py:1842:8: W0621: Redefining name 'emp' from outer scope (line 635) (redefined-outer-name)
Zadanie.py:1825:4: C0103: Variable name "Bread" doesn't conform to snake_case naming style (invalid-name)
Zadanie.py:1826:4: C0103: Variable name "Stiles" doesn't conform to snake_case naming style (invalid-name)
Zadanie.py:1827:4: C0103: Variable name "Brenda" doesn't conform to snake_case naming style (invalid-name)
Zadanie.py:1856:10: W1309: Using an f-string that does not have any interpolated variables (f-string-without-interpolation)
Zadanie.py:1863:10: W1309: Using an f-string that does not have any interpolated variables (f-string-without-interpolation)
Zadanie.py:9:0: C0412: Imports from package typing are not grouped (ungrouped-imports)

-----------------------------------
Your code has been rated at 5.48/10

PS G:\Ynik\курс2\Технологие програмирования\lab9> mypy Zadanie.py
Zadanie.py:87: error: Need type annotation for "_existing_ids" (hint: "_existing_ids: Set[<type>] = ...")  [var-annotated]
Zadanie.py:441: error: Argument "manager" to "create_employee" has incompatible type "List[object]"; expected "EmployeeFactory"  [arg-type]
Zadanie.py:442: error: Argument "developer" to "create_employee" has incompatible type "List[object]"; expected "EmployeeFactory"  [arg-type]
Zadanie.py:443: error: Argument "salesperson" to "create_employee" has incompatible type "List[object]"; expected "EmployeeFactory"  [arg-type]
Zadanie.py:444: error: Argument "employee" to "create_employee" has incompatible type "List[object]"; expected "EmployeeFactory"  [arg-type]
Zadanie.py:509: error: Missing return statement  [return]
Zadanie.py:669: error: Need type annotation for "_existing_project_ids" (hint: "_existing_project_ids: Set[<type>] = ...")  [var-annotated]
Zadanie.py:938: error: Generator has incompatible item type "int"; expected "bool"  [misc]
Zadanie.py:939: error: "Project" has no attribute "_Project__team"  [attr-defined]
Zadanie.py:975: error: Need type annotation for "team_composition" (hint: "team_composition: Dict[<type>, <type>] = ...")  [var-annotated]
Zadanie.py:976: error: "Project" has no attribute "_Project__team"  [attr-defined]
Zadanie.py:1027: error: Need type annotation for "employee_project_count" (hint: "employee_project_count: Dict[<type>, <type>] = ...")  [var-annotated]
Zadanie.py:1031: error: "Project" has no attribute "_Project__team"  [attr-defined]
Zadanie.py:1049: error: "Project" has no attribute "_Project__team"  [attr-defined]
Zadanie.py:1056: error: Incompatible return value type (got "List[Dict[str, Any]]", expected "List[AbstractEmployee]")  [return-value]
Zadanie.py:1058: error: Function "builtins.any" is not valid as a type  [valid-type]
Zadanie.py:1058: note: Perhaps you meant "typing.Any" instead of "any"?
Zadanie.py:1067: error: Need type annotation for "project_count_distribution" (hint: "project_count_distribution: Dict[<type>, <type>] = ...")  [var-annotated]
Zadanie.py:1071: error: Generator has incompatible item type "int"; expected "bool"  [misc]
Zadanie.py:1072: error: "Project" has no attribute "_Project__team"  [attr-defined]
Zadanie.py:1076: error: Incompatible types in assignment (expression has type "Dict[int, Any]", target has type "Collection[AbstractEmployee]")  [assignment]
Zadanie.py:1090: error: Generator has incompatible item type "int"; expected "bool"  [misc]
Zadanie.py:1091: error: "Project" has no attribute "_Project__team"  [attr-defined]
Zadanie.py:1101: error: Incompatible types in assignment (expression has type "float", target has type "int")  [assignment]
Zadanie.py:1104: error: Unsupported target for indexed assignment ("Collection[AbstractEmployee]")  [index]
Zadanie.py:1159: error: Function "builtins.any" is not valid as a type  [valid-type]
Zadanie.py:1159: note: Perhaps you meant "typing.Any" instead of "any"?
Zadanie.py:1171: error: "object" has no attribute "append"  [attr-defined]
Zadanie.py:1172: error: Unsupported operand types for + ("object" and "int")  [operator]
Zadanie.py:1174: error: "object" has no attribute "append"  [attr-defined]
Zadanie.py:1181: error: Function "builtins.any" is not valid as a type  [valid-type]
Zadanie.py:1181: note: Perhaps you meant "typing.Any" instead of "any"?
Zadanie.py:1199: error: any? has no attribute "__iter__" (not iterable)  [attr-defined]
Zadanie.py:1207: error: "object" has no attribute "append"  [attr-defined]
Zadanie.py:1211: error: any? has no attribute "items"  [attr-defined]
Zadanie.py:1241: error: Value of type any? is not indexable  [index]
Zadanie.py:1242: error: any? has no attribute "__iter__" (not iterable)  [attr-defined]
Zadanie.py:1245: error: Value of type any? is not indexable  [index]
Zadanie.py:1246: error: any? has no attribute "__iter__" (not iterable)  [attr-defined]
Zadanie.py:1255: error: any? has no attribute "items"  [attr-defined]
Zadanie.py:1295: error: "Project" has no attribute "_Project__team"  [attr-defined]
Zadanie.py:1417: error: "Developer" has no attribute "_Developer__tech_stack"  [attr-defined]
Zadanie.py:1418: error: "Developer" has no attribute "_Developer__seniority_level"; maybe "__seniority_level"?  [attr-defined]
Zadanie.py:1420: error: "Saleperson" has no attribute "_Saleperson__commission_rate"; maybe "__commission_rate"?  [attr-defined]
Zadanie.py:1420: error: "Saleperson" has no attribute "_Saleperson__sales_volume"  [attr-defined]
Zadanie.py:1457: error: "Project" has no attribute "_Project__team"  [attr-defined]
Zadanie.py:1554: error: Value of type any? is not indexable  [index]
Zadanie.py:1684: error: Cannot find implementation or library stub for module named "patterns.singleton"  [import-not-found]
Zadanie.py:1684: note: See https://mypy.readthedocs.io/en/stable/running_mypy.html#missing-imports
Zadanie.py:1685: error: Cannot find implementation or library stub for module named "patterns.strategy"  [import-not-found]
Zadanie.py:1686: error: Cannot find implementation or library stub for module named "patterns.adapter"  [import-not-found]
Zadanie.py:1687: error: Cannot find implementation or library stub for module named "patterns.repository"  [import-not-found]
Found 48 errors in 1 file (checked 1 source file)